# JRE version: Java(TM) SE Runtime Environment (17.0.3+8) (build 17.0.3+8-LTS-111)
# Java VM: Java HotSpot(TM) 64-Bit Server VM (17.0.3+8-LTS-111, mixed mode, emulated-client, sharing, tiered, compressed oops, compressed class ptrs, g1 gc, windows-amd64)
GC Precious Log:
 CPUs: 4 total, 4 available
 Memory: 12184M
 Large Page Support: Disabled
 NUMA Support: Disabled
 Compressed Oops: Enabled (Zero based)
 Heap Region Size: 2M
 Heap Min Capacity: 8M
 Heap Initial Capacity: 192M
 Heap Max Capacity: 3048M
 Pre-touch: Disabled
 Parallel Workers: 4
 Concurrent Workers: 1
 Concurrent Refinement Workers: 4
 Periodic GC: Disabled
Heap:
 garbage-first heap   total 67584K, used 44796K [0x0000000741800000, 0x0000000800000000)
  region size 2048K, 11 young (22528K), 2 survivors (4096K)
 Metaspace       used 63105K, committed 63680K, reserved 1105920K
  class space    used 8935K, committed 9152K, reserved 1048576K
GC Heap History (20 events):
Event: 6.112 GC heap before
{Heap before GC invocations=7 (full 0):
 garbage-first heap   total 55296K, used 37596K [0x0000000741800000, 0x0000000800000000)
  region size 2048K, 12 young (24576K), 2 survivors (4096K)
 Metaspace       used 29638K, committed 30144K, reserved 1081344K
  class space    used 4072K, committed 4288K, reserved 1048576K
}
Event: 6.123 GC heap after
{Heap after GC invocations=8 (full 0):
 garbage-first heap   total 55296K, used 19688K [0x0000000741800000, 0x0000000800000000)
  region size 2048K, 2 young (4096K), 2 survivors (4096K)
 Metaspace       used 29638K, committed 30144K, reserved 1081344K
  class space    used 4072K, committed 4288K, reserved 1048576K
}
Event: 6.615 GC heap before
{Heap before GC invocations=8 (full 0):
 garbage-first heap   total 55296K, used 40168K [0x0000000741800000, 0x0000000800000000)
  region size 2048K, 12 young (24576K), 2 survivors (4096K)
 Metaspace       used 32689K, committed 33216K, reserved 1081344K
  class space    used 4516K, committed 4800K, reserved 1048576K
}
Event: 6.623 GC heap after
{Heap after GC invocations=9 (full 0):
 garbage-first heap   total 67584K, used 20970K [0x0000000741800000, 0x0000000800000000)
  region size 2048K, 2 young (4096K), 2 survivors (4096K)
 Metaspace       used 32689K, committed 33216K, reserved 1081344K
  class space    used 4516K, committed 4800K, reserved 1048576K
}
Event: 7.006 GC heap before
{Heap before GC invocations=9 (full 0):
 garbage-first heap   total 67584K, used 31210K [0x0000000741800000, 0x0000000800000000)
  region size 2048K, 9 young (18432K), 2 survivors (4096K)
 Metaspace       used 35509K, committed 35968K, reserved 1081344K
  class space    used 4971K, committed 5184K, reserved 1048576K
}
Event: 7.011 GC heap after
{Heap after GC invocations=10 (full 0):
 garbage-first heap   total 67584K, used 21462K [0x0000000741800000, 0x0000000800000000)
  region size 2048K, 1 young (2048K), 1 survivors (2048K)
 Metaspace       used 35509K, committed 35968K, reserved 1081344K
  class space    used 4971K, committed 5184K, reserved 1048576K
}
Event: 7.887 GC heap before
{Heap before GC invocations=11 (full 0):
 garbage-first heap   total 67584K, used 50134K [0x0000000741800000, 0x0000000800000000)
  region size 2048K, 15 young (30720K), 1 survivors (2048K)
 Metaspace       used 44718K, committed 45248K, reserved 1089536K
  class space    used 6206K, committed 6464K, reserved 1048576K
}
Event: 7.894 GC heap after
{Heap after GC invocations=12 (full 0):
 garbage-first heap   total 67584K, used 23735K [0x0000000741800000, 0x0000000800000000)
  region size 2048K, 2 young (4096K), 2 survivors (4096K)
 Metaspace       used 44718K, committed 45248K, reserved 1089536K
  class space    used 6206K, committed 6464K, reserved 1048576K
}
Event: 7.931 GC heap before
{Heap before GC invocations=12 (full 0):
 garbage-first heap   total 67584K, used 23735K [0x0000000741800000, 0x0000000800000000)
  region size 2048K, 3 young (6144K), 2 survivors (4096K)
 Metaspace       used 45056K, committed 45568K, reserved 1089536K
  class space    used 6266K, committed 6528K, reserved 1048576K
}
Event: 7.939 GC heap after
{Heap after GC invocations=13 (full 0):
 garbage-first heap   total 67584K, used 23260K [0x0000000741800000, 0x0000000800000000)
  region size 2048K, 1 young (2048K), 1 survivors (2048K)
 Metaspace       used 45056K, committed 45568K, reserved 1089536K
  class space    used 6266K, committed 6528K, reserved 1048576K
}
Event: 8.461 GC heap before
{Heap before GC invocations=13 (full 0):
 garbage-first heap   total 67584K, used 47836K [0x0000000741800000, 0x0000000800000000)
  region size 2048K, 13 young (26624K), 1 survivors (2048K)
 Metaspace       used 47446K, committed 47936K, reserved 1097728K
  class space    used 6600K, committed 6848K, reserved 1048576K
}
Event: 8.465 GC heap after
{Heap after GC invocations=14 (full 0):
 garbage-first heap   total 67584K, used 24823K [0x0000000741800000, 0x0000000800000000)
  region size 2048K, 2 young (4096K), 2 survivors (4096K)
 Metaspace       used 47446K, committed 47936K, reserved 1097728K
  class space    used 6600K, committed 6848K, reserved 1048576K
}
Event: 9.236 GC heap before
{Heap before GC invocations=15 (full 0):
 garbage-first heap   total 67584K, used 47351K [0x0000000741800000, 0x0000000800000000)
  region size 2048K, 13 young (26624K), 2 survivors (4096K)
 Metaspace       used 52969K, committed 53504K, reserved 1097728K
  class space    used 7394K, committed 7616K, reserved 1048576K
}
Event: 9.242 GC heap after
{Heap after GC invocations=16 (full 0):
 garbage-first heap   total 67584K, used 25775K [0x0000000741800000, 0x0000000800000000)
  region size 2048K, 1 young (2048K), 1 survivors (2048K)
 Metaspace       used 52969K, committed 53504K, reserved 1097728K
  class space    used 7394K, committed 7616K, reserved 1048576K
}
Event: 10.119 GC heap before
{Heap before GC invocations=16 (full 0):
 garbage-first heap   total 67584K, used 50351K [0x0000000741800000, 0x0000000800000000)
  region size 2048K, 13 young (26624K), 1 survivors (2048K)
 Metaspace       used 55319K, committed 55872K, reserved 1097728K
  class space    used 7841K, committed 8064K, reserved 1048576K
}
Event: 10.122 GC heap after
{Heap after GC invocations=17 (full 0):
 garbage-first heap   total 67584K, used 26249K [0x0000000741800000, 0x0000000800000000)
  region size 2048K, 1 young (2048K), 1 survivors (2048K)
 Metaspace       used 55319K, committed 55872K, reserved 1097728K
  class space    used 7841K, committed 8064K, reserved 1048576K
}
Event: 10.419 GC heap before
{Heap before GC invocations=17 (full 0):
 garbage-first heap   total 67584K, used 50825K [0x0000000741800000, 0x0000000800000000)
  region size 2048K, 13 young (26624K), 1 survivors (2048K)
 Metaspace       used 55544K, committed 56064K, reserved 1097728K
  class space    used 7873K, committed 8128K, reserved 1048576K
}
Event: 10.423 GC heap after
{Heap after GC invocations=18 (full 0):
 garbage-first heap   total 67584K, used 26690K [0x0000000741800000, 0x0000000800000000)
  region size 2048K, 1 young (2048K), 1 survivors (2048K)
 Metaspace       used 55544K, committed 56064K, reserved 1097728K
  class space    used 7873K, committed 8128K, reserved 1048576K
}
Event: 11.264 GC heap before
{Heap before GC invocations=18 (full 0):
 garbage-first heap   total 67584K, used 51266K [0x0000000741800000, 0x0000000800000000)
  region size 2048K, 13 young (26624K), 1 survivors (2048K)
 Metaspace       used 59711K, committed 60288K, reserved 1105920K
  class space    used 8459K, committed 8704K, reserved 1048576K
}
Event: 11.272 GC heap after
{Heap after GC invocations=19 (full 0):
 garbage-first heap   total 67584K, used 28412K [0x0000000741800000, 0x0000000800000000)
  region size 2048K, 2 young (4096K), 2 survivors (4096K)
 Metaspace       used 59711K, committed 60288K, reserved 1105920K
  class space    used 8459K, committed 8704K, reserved 1048576K
}

