# JRE version: Java(TM) SE Runtime Environment (17.0.3+8) (build 17.0.3+8-LTS-111)
# Java VM: Java HotSpot(TM) 64-Bit Server VM (17.0.3+8-LTS-111, mixed mode, emulated-client, sharing, tiered, compressed oops, compressed class ptrs, g1 gc, windows-amd64)
GC Precious Log:
 CPUs: 4 total, 4 available
 Memory: 12184M
 Large Page Support: Disabled
 NUMA Support: Disabled
 Compressed Oops: Enabled (Zero based)
 Heap Region Size: 2M
 Heap Min Capacity: 8M
 Heap Initial Capacity: 192M
 Heap Max Capacity: 3048M
 Pre-touch: Disabled
 Parallel Workers: 4
 Concurrent Workers: 1
 Concurrent Refinement Workers: 4
 Periodic GC: Disabled
Heap:
 garbage-first heap   total 67584K, used 29544K [0x0000000741800000, 0x0000000800000000)
  region size 2048K, 6 young (12288K), 1 survivors (2048K)
 Metaspace       used 37132K, committed 37568K, reserved 1081344K
  class space    used 5282K, committed 5504K, reserved 1048576K
GC Heap History (18 events):
Event: 0.961 GC heap before
{Heap before GC invocations=0 (full 0):
 garbage-first heap   total 196608K, used 10240K [0x0000000741800000, 0x0000000800000000)
  region size 2048K, 6 young (12288K), 0 survivors (0K)
 Metaspace       used 4436K, committed 4608K, reserved 1056768K
  class space    used 545K, committed 640K, reserved 1048576K
}
Event: 0.972 GC heap after
{Heap after GC invocations=1 (full 0):
 garbage-first heap   total 196608K, used 6464K [0x0000000741800000, 0x0000000800000000)
  region size 2048K, 1 young (2048K), 1 survivors (2048K)
 Metaspace       used 4436K, committed 4608K, reserved 1056768K
  class space    used 545K, committed 640K, reserved 1048576K
}
Event: 1.227 GC heap before
{Heap before GC invocations=1 (full 0):
 garbage-first heap   total 196608K, used 12608K [0x0000000741800000, 0x0000000800000000)
  region size 2048K, 4 young (8192K), 1 survivors (2048K)
 Metaspace       used 6649K, committed 6848K, reserved 1056768K
  class space    used 825K, committed 896K, reserved 1048576K
}
Event: 1.234 GC heap after
{Heap after GC invocations=2 (full 0):
 garbage-first heap   total 196608K, used 7295K [0x0000000741800000, 0x0000000800000000)
  region size 2048K, 1 young (2048K), 1 survivors (2048K)
 Metaspace       used 6649K, committed 6848K, reserved 1056768K
  class space    used 825K, committed 896K, reserved 1048576K
}
Event: 5.171 GC heap before
{Heap before GC invocations=2 (full 0):
 garbage-first heap   total 196608K, used 27775K [0x0000000741800000, 0x0000000800000000)
  region size 2048K, 12 young (24576K), 1 survivors (2048K)
 Metaspace       used 11482K, committed 11776K, reserved 1064960K
  class space    used 1590K, committed 1728K, reserved 1048576K
}
Event: 5.181 GC heap after
{Heap after GC invocations=3 (full 0):
 garbage-first heap   total 196608K, used 9043K [0x0000000741800000, 0x0000000800000000)
  region size 2048K, 2 young (4096K), 2 survivors (4096K)
 Metaspace       used 11482K, committed 11776K, reserved 1064960K
  class space    used 1590K, committed 1728K, reserved 1048576K
}
Event: 7.324 GC heap before
{Heap before GC invocations=3 (full 0):
 garbage-first heap   total 196608K, used 70483K [0x0000000741800000, 0x0000000800000000)
  region size 2048K, 33 young (67584K), 2 survivors (4096K)
 Metaspace       used 21150K, committed 21504K, reserved 1073152K
  class space    used 2870K, committed 3072K, reserved 1048576K
}
Event: 7.336 GC heap after
{Heap after GC invocations=4 (full 0):
 garbage-first heap   total 196608K, used 14216K [0x0000000741800000, 0x0000000800000000)
  region size 2048K, 4 young (8192K), 4 survivors (8192K)
 Metaspace       used 21150K, committed 21504K, reserved 1073152K
  class space    used 2870K, committed 3072K, reserved 1048576K
}
Event: 8.558 GC heap before
{Heap before GC invocations=5 (full 0):
 garbage-first heap   total 55296K, used 40840K [0x0000000741800000, 0x0000000800000000)
  region size 2048K, 18 young (36864K), 4 survivors (8192K)
 Metaspace       used 24274K, committed 24640K, reserved 1073152K
  class space    used 3283K, committed 3456K, reserved 1048576K
}
Event: 8.576 GC heap after
{Heap after GC invocations=6 (full 0):
 garbage-first heap   total 55296K, used 15536K [0x0000000741800000, 0x0000000800000000)
  region size 2048K, 5 young (10240K), 5 survivors (10240K)
 Metaspace       used 24274K, committed 24640K, reserved 1073152K
  class space    used 3283K, committed 3456K, reserved 1048576K
}
Event: 11.367 GC heap before
{Heap before GC invocations=6 (full 0):
 garbage-first heap   total 55296K, used 36016K [0x0000000741800000, 0x0000000800000000)
  region size 2048K, 15 young (30720K), 5 survivors (10240K)
 Metaspace       used 26443K, committed 26816K, reserved 1073152K
  class space    used 3636K, committed 3840K, reserved 1048576K
}
Event: 11.395 GC heap after
{Heap after GC invocations=7 (full 0):
 garbage-first heap   total 55296K, used 17487K [0x0000000741800000, 0x0000000800000000)
  region size 2048K, 2 young (4096K), 2 survivors (4096K)
 Metaspace       used 26443K, committed 26816K, reserved 1073152K
  class space    used 3636K, committed 3840K, reserved 1048576K
}
Event: 12.160 GC heap before
{Heap before GC invocations=7 (full 0):
 garbage-first heap   total 55296K, used 37967K [0x0000000741800000, 0x0000000800000000)
  region size 2048K, 12 young (24576K), 2 survivors (4096K)
 Metaspace       used 29763K, committed 30208K, reserved 1081344K
  class space    used 4099K, committed 4288K, reserved 1048576K
}
Event: 12.175 GC heap after
{Heap after GC invocations=8 (full 0):
 garbage-first heap   total 55296K, used 19729K [0x0000000741800000, 0x0000000800000000)
  region size 2048K, 2 young (4096K), 2 survivors (4096K)
 Metaspace       used 29763K, committed 30208K, reserved 1081344K
  class space    used 4099K, committed 4288K, reserved 1048576K
}
Event: 13.013 GC heap before
{Heap before GC invocations=8 (full 0):
 garbage-first heap   total 55296K, used 38161K [0x0000000741800000, 0x0000000800000000)
  region size 2048K, 12 young (24576K), 2 survivors (4096K)
 Metaspace       used 32933K, committed 33408K, reserved 1081344K
  class space    used 4550K, committed 4800K, reserved 1048576K
}
Event: 13.024 GC heap after
{Heap after GC invocations=9 (full 0):
 garbage-first heap   total 67584K, used 20827K [0x0000000741800000, 0x0000000800000000)
  region size 2048K, 2 young (4096K), 2 survivors (4096K)
 Metaspace       used 32933K, committed 33408K, reserved 1081344K
  class space    used 4550K, committed 4800K, reserved 1048576K
}
Event: 14.827 GC heap before
{Heap before GC invocations=9 (full 0):
 garbage-first heap   total 67584K, used 31067K [0x0000000741800000, 0x0000000800000000)
  region size 2048K, 8 young (16384K), 2 survivors (4096K)
 Metaspace       used 35526K, committed 35968K, reserved 1081344K
  class space    used 4968K, committed 5184K, reserved 1048576K
}
Event: 14.833 GC heap after
{Heap after GC invocations=10 (full 0):
 garbage-first heap   total 67584K, used 21352K [0x0000000741800000, 0x0000000800000000)
  region size 2048K, 1 young (2048K), 1 survivors (2048K)
 Metaspace       used 35526K, committed 35968K, reserved 1081344K
  class space    used 4968K, committed 5184K, reserved 1048576K
}

