# JRE version: Java(TM) SE Runtime Environment (17.0.3+8) (build 17.0.3+8-LTS-111)
# Java VM: Java HotSpot(TM) 64-Bit Server VM (17.0.3+8-LTS-111, mixed mode, emulated-client, sharing, tiered, compressed oops, compressed class ptrs, g1 gc, windows-amd64)
GC Precious Log:
 CPUs: 4 total, 4 available
 Memory: 12184M
 Large Page Support: Disabled
 NUMA Support: Disabled
 Compressed Oops: Enabled (Zero based)
 Heap Region Size: 2M
 Heap Min Capacity: 8M
 Heap Initial Capacity: 192M
 Heap Max Capacity: 3048M
 Pre-touch: Disabled
 Parallel Workers: 4
 Concurrent Workers: 1
 Concurrent Refinement Workers: 4
 Periodic GC: Disabled
Heap:
 garbage-first heap   total 131072K, used 71976K [0x0000000741800000, 0x0000000800000000)
  region size 2048K, 1 young (2048K), 1 survivors (2048K)
 Metaspace       used 71640K, committed 72256K, reserved 1114112K
  class space    used 10253K, committed 10560K, reserved 1048576K
GC Heap History (20 events):
Event: 12.439 GC heap after
{Heap after GC invocations=19 (full 0):
 garbage-first heap   total 67584K, used 31429K [0x0000000741800000, 0x0000000800000000)
  region size 2048K, 2 young (4096K), 2 survivors (4096K)
 Metaspace       used 64218K, committed 64768K, reserved 1105920K
  class space    used 9191K, committed 9408K, reserved 1048576K
}
Event: 12.749 GC heap before
{Heap before GC invocations=19 (full 0):
 garbage-first heap   total 67584K, used 51909K [0x0000000741800000, 0x0000000800000000)
  region size 2048K, 12 young (24576K), 2 survivors (4096K)
 Metaspace       used 65964K, committed 66560K, reserved 1105920K
  class space    used 9562K, committed 9792K, reserved 1048576K
}
Event: 12.757 GC heap after
{Heap after GC invocations=20 (full 0):
 garbage-first heap   total 81920K, used 32755K [0x0000000741800000, 0x0000000800000000)
  region size 2048K, 2 young (4096K), 2 survivors (4096K)
 Metaspace       used 65964K, committed 66560K, reserved 1105920K
  class space    used 9562K, committed 9792K, reserved 1048576K
}
Event: 13.433 GC heap before
{Heap before GC invocations=20 (full 0):
 garbage-first heap   total 81920K, used 65523K [0x0000000741800000, 0x0000000800000000)
  region size 2048K, 18 young (36864K), 2 survivors (4096K)
 Metaspace       used 67979K, committed 68544K, reserved 1114112K
  class space    used 9799K, committed 10048K, reserved 1048576K
}
Event: 13.443 GC heap after
{Heap after GC invocations=21 (full 0):
 garbage-first heap   total 81920K, used 35682K [0x0000000741800000, 0x0000000800000000)
  region size 2048K, 3 young (6144K), 3 survivors (6144K)
 Metaspace       used 67979K, committed 68544K, reserved 1114112K
  class space    used 9799K, committed 10048K, reserved 1048576K
}
Event: 14.080 GC heap before
{Heap before GC invocations=21 (full 0):
 garbage-first heap   total 81920K, used 64354K [0x0000000741800000, 0x0000000800000000)
  region size 2048K, 17 young (34816K), 3 survivors (6144K)
 Metaspace       used 70121K, committed 70784K, reserved 1114112K
  class space    used 10066K, committed 10368K, reserved 1048576K
}
Event: 14.092 GC heap after
{Heap after GC invocations=22 (full 0):
 garbage-first heap   total 81920K, used 38512K [0x0000000741800000, 0x0000000800000000)
  region size 2048K, 3 young (6144K), 3 survivors (6144K)
 Metaspace       used 70121K, committed 70784K, reserved 1114112K
  class space    used 10066K, committed 10368K, reserved 1048576K
}
Event: 14.655 GC heap before
{Heap before GC invocations=22 (full 0):
 garbage-first heap   total 81920K, used 65136K [0x0000000741800000, 0x0000000800000000)
  region size 2048K, 16 young (32768K), 3 survivors (6144K)
 Metaspace       used 71546K, committed 72192K, reserved 1114112K
  class space    used 10240K, committed 10560K, reserved 1048576K
}
Event: 14.669 GC heap after
{Heap after GC invocations=23 (full 0):
 garbage-first heap   total 81920K, used 42387K [0x0000000741800000, 0x0000000800000000)
  region size 2048K, 2 young (4096K), 2 survivors (4096K)
 Metaspace       used 71546K, committed 72192K, reserved 1114112K
  class space    used 10240K, committed 10560K, reserved 1048576K
}
Event: 14.785 GC heap before
{Heap before GC invocations=23 (full 0):
 garbage-first heap   total 81920K, used 62867K [0x0000000741800000, 0x0000000800000000)
  region size 2048K, 13 young (26624K), 2 survivors (4096K)
 Metaspace       used 71559K, committed 72192K, reserved 1114112K
  class space    used 10242K, committed 10560K, reserved 1048576K
}
Event: 14.796 GC heap after
{Heap after GC invocations=24 (full 0):
 garbage-first heap   total 98304K, used 49041K [0x0000000741800000, 0x0000000800000000)
  region size 2048K, 2 young (4096K), 2 survivors (4096K)
 Metaspace       used 71559K, committed 72192K, reserved 1114112K
  class space    used 10242K, committed 10560K, reserved 1048576K
}
Event: 15.076 GC heap before
{Heap before GC invocations=25 (full 0):
 garbage-first heap   total 98304K, used 73617K [0x0000000741800000, 0x0000000800000000)
  region size 2048K, 15 young (30720K), 2 survivors (4096K)
 Metaspace       used 71640K, committed 72256K, reserved 1114112K
  class space    used 10253K, committed 10560K, reserved 1048576K
}
Event: 15.086 GC heap after
{Heap after GC invocations=26 (full 0):
 garbage-first heap   total 98304K, used 55754K [0x0000000741800000, 0x0000000800000000)
  region size 2048K, 2 young (4096K), 2 survivors (4096K)
 Metaspace       used 71640K, committed 72256K, reserved 1114112K
  class space    used 10253K, committed 10560K, reserved 1048576K
}
Event: 15.295 GC heap before
{Heap before GC invocations=26 (full 0):
 garbage-first heap   total 98304K, used 74186K [0x0000000741800000, 0x0000000800000000)
  region size 2048K, 11 young (22528K), 2 survivors (4096K)
 Metaspace       used 71640K, committed 72256K, reserved 1114112K
  class space    used 10253K, committed 10560K, reserved 1048576K
}
Event: 15.306 GC heap after
{Heap after GC invocations=27 (full 0):
 garbage-first heap   total 98304K, used 61600K [0x0000000741800000, 0x0000000800000000)
  region size 2048K, 2 young (4096K), 2 survivors (4096K)
 Metaspace       used 71640K, committed 72256K, reserved 1114112K
  class space    used 10253K, committed 10560K, reserved 1048576K
}
Event: 15.372 GC heap before
{Heap before GC invocations=27 (full 0):
 garbage-first heap   total 98304K, used 73888K [0x0000000741800000, 0x0000000800000000)
  region size 2048K, 8 young (16384K), 2 survivors (4096K)
 Metaspace       used 71640K, committed 72256K, reserved 1114112K
  class space    used 10253K, committed 10560K, reserved 1048576K
}
Event: 15.378 GC heap after
{Heap after GC invocations=28 (full 0):
 garbage-first heap   total 98304K, used 65694K [0x0000000741800000, 0x0000000800000000)
  region size 2048K, 1 young (2048K), 1 survivors (2048K)
 Metaspace       used 71640K, committed 72256K, reserved 1114112K
  class space    used 10253K, committed 10560K, reserved 1048576K
}
Event: 15.426 GC heap before
{Heap before GC invocations=28 (full 0):
 garbage-first heap   total 98304K, used 73886K [0x0000000741800000, 0x0000000800000000)
  region size 2048K, 6 young (12288K), 1 survivors (2048K)
 Metaspace       used 71640K, committed 72256K, reserved 1114112K
  class space    used 10253K, committed 10560K, reserved 1048576K
}
Event: 15.429 GC heap after
{Heap after GC invocations=29 (full 0):
 garbage-first heap   total 98304K, used 67925K [0x0000000741800000, 0x0000000800000000)
  region size 2048K, 1 young (2048K), 1 survivors (2048K)
 Metaspace       used 71640K, committed 72256K, reserved 1114112K
  class space    used 10253K, committed 10560K, reserved 1048576K
}
Event: 15.486 GC heap before
{Heap before GC invocations=29 (full 0):
 garbage-first heap   total 98304K, used 76117K [0x0000000741800000, 0x0000000800000000)
  region size 2048K, 5 young (10240K), 1 survivors (2048K)
 Metaspace       used 71640K, committed 72256K, reserved 1114112K
  class space    used 10253K, committed 10560K, reserved 1048576K
}

